"../../../../../demo/Homework/ShooterGame/Content/FirstPerson/Character/Mesh/SK_Mannequin_Arms_Skeleton.uasset" 0
"../../../Engine/Content/EditorBlueprintResources/StandardMacros.uasset" 1
"../../../../../demo/Homework/ShooterGame/Content/FirstPerson/Animations/FirstPerson_JumpEnd.uasset" 2
"../../../../../demo/Homework/ShooterGame/Content/FirstPerson/Animations/FirstPerson_JumpLoop.uasset" 3
"../../../../../demo/Homework/ShooterGame/Content/FirstPerson/Animations/FirstPerson_JumpStart.uasset" 4
"../../../../../demo/Homework/ShooterGame/Content/FirstPerson/Animations/FirstPerson_Run.uasset" 5
"../../../../../demo/Homework/ShooterGame/Content/FirstPerson/Animations/FirstPerson_Idle.uasset" 6
"../../../../../demo/Homework/ShooterGame/Content/FirstPerson/Animations/FirstPerson_AnimBP.uasset" 7
"../../../../../demo/Homework/ShooterGame/Content/FirstPerson/Character/Mesh/FirstPersonAnimBlueprint_Copy.uasset" 8
"../../../../../demo/Homework/ShooterGame/Content/FirstPerson/Character/Textures/UE4_LOGO_CARD.uasset" 9
"../../../../../demo/Homework/ShooterGame/Content/FirstPerson/FPWeapon/Materials/MaterialLayers/ML_Plastic_Shiny_Beige_LOGO.uasset" 10
"../../../../../demo/Homework/ShooterGame/Content/FirstPerson/FPWeapon/Materials/MaterialLayers/T_ML_FineRubber.uasset" 11
"../../../../../demo/Homework/ShooterGame/Content/FirstPerson/FPWeapon/Mesh/SK_FPGun_PhysicsAsset.uasset" 12
"../../../../../demo/Homework/ShooterGame/Content/FirstPerson/Meshes/BaseMaterial.uasset" 13
"../../../../../demo/Homework/ShooterGame/Content/FirstPerson/Meshes/CubeMaterialOverride.uasset" 14
"../../../../../demo/Homework/ShooterGame/Content/FirstPersonBP/FirstPersonOverview.uasset" 15
"../../../../../demo/Homework/ShooterGame/Content/Geometry/Meshes/CubeMaterial.uasset" 16
"../../../../../demo/Homework/ShooterGame/Content/Geometry/Meshes/1M_Cube_Chamfer.uasset" 17
"../../../../../demo/Homework/ShooterGame/Content/Geometry/Meshes/TemplateFloor.uasset" 18
"../../../../../demo/Homework/ShooterGame/Content/StarterContent/Materials/M_Basic_Wall.uasset" 19
"../../../../../demo/Homework/ShooterGame/Content/StarterContent/Architecture/Pillar_50x500.uasset" 20
"../../../../../demo/Homework/ShooterGame/Content/StarterContent/Architecture/Wall_400x300.uasset" 21
"../../../../../demo/Homework/ShooterGame/Content/StarterContent/Architecture/Wall_400x400.uasset" 22
"../../../../../demo/Homework/ShooterGame/Content/StarterContent/Architecture/Wall_500x500.uasset" 23
"../../../../../demo/Homework/ShooterGame/Content/StarterContent/Architecture/Wall_Door_400x400.uasset" 24
"../../../../../demo/Homework/ShooterGame/Content/StarterContent/Architecture/Wall_Window_400x400.uasset" 25
"../../../../../demo/Homework/ShooterGame/Content/StarterContent/Audio/Collapse01.uasset" 26
"../../../../../demo/Homework/ShooterGame/Content/StarterContent/Audio/Collapse02.uasset" 27
"../../../../../demo/Homework/ShooterGame/Content/StarterContent/Audio/Explosion02.uasset" 28
"../../../../../demo/Homework/ShooterGame/Content/StarterContent/Audio/Fire01.uasset" 29
"../../../../../demo/Homework/ShooterGame/Content/StarterContent/Audio/Fire_Sparks01.uasset" 30
"../../../../../demo/Homework/ShooterGame/Content/StarterContent/Audio/Light01.uasset" 31
"../../../../../demo/Homework/ShooterGame/Content/StarterContent/Audio/Light01_Cue.uasset" 32
"../../../../../demo/Homework/ShooterGame/Content/StarterContent/Audio/Light02.uasset" 33
"../../../../../demo/Homework/ShooterGame/Content/StarterContent/Audio/Light02_Cue.uasset" 34
"../../../../../demo/Homework/ShooterGame/Content/StarterContent/Audio/Smoke01.uasset" 35
"../../../../../demo/Homework/ShooterGame/Content/StarterContent/Audio/Starter_Birds01.uasset" 36
"../../../../../demo/Homework/ShooterGame/Content/StarterContent/Audio/Starter_Music01.uasset" 37
"../../../../../demo/Homework/ShooterGame/Content/StarterContent/Audio/Starter_Wind05.uasset" 38
"../../../../../demo/Homework/ShooterGame/Content/StarterContent/Audio/Starter_Wind06.uasset" 39
"../../../../../demo/Homework/ShooterGame/Content/StarterContent/Audio/Steam01.uasset" 40
"../../../../../demo/Homework/ShooterGame/Content/StarterContent/Audio/Explosion_Cue.uasset" 41
"../../../../../demo/Homework/ShooterGame/Content/StarterContent/Textures/T_Smoke_Tiled_D.uasset" 42
"../../../../../demo/Homework/ShooterGame/Content/StarterContent/Textures/T_Smoke_SubUV.uasset" 43
"../../../../../demo/Homework/ShooterGame/Content/StarterContent/Particles/Materials/M_smoke_subUV.uasset" 44
"../../../Engine/Content/Functions/Engine_MaterialFunctions01/Gradient/RadialGradient.uasset" 45
"../../../../../demo/Homework/ShooterGame/Content/StarterContent/Particles/Materials/M_radial_ramp.uasset" 46
"../../../../../demo/Homework/ShooterGame/Content/StarterContent/Particles/Materials/m_flare_01.uasset" 47
"../../../../../demo/Homework/ShooterGame/Content/StarterContent/Textures/T_Explosion_SubUV.uasset" 48
"../../../../../demo/Homework/ShooterGame/Content/StarterContent/Particles/Materials/M_explosion_subUV.uasset" 49
"../../../../../demo/Homework/ShooterGame/Content/StarterContent/Textures/T_Burst_M.uasset" 50
"../../../../../demo/Homework/ShooterGame/Content/StarterContent/Particles/Materials/M_Burst.uasset" 51
"../../../../../demo/Homework/ShooterGame/Content/StarterContent/Particles/P_Explosion.uasset" 52
"../../../../../demo/Homework/ShooterGame/Content/StarterContent/Blueprints/Blueprint_Effect_Explosion.uasset" 53
"../../../Engine/Content/EditorMeshes/ColorCalibrator/T_ColorGrid.uasset" 54
"../../../../../demo/Homework/ShooterGame/Content/StarterContent/Materials/M_ColorGrid_LowSpec.uasset" 55
"../../../../../demo/Homework/ShooterGame/Content/StarterContent/Textures/T_Bush_N.uasset" 56
"../../../../../demo/Homework/ShooterGame/Content/StarterContent/Textures/T_Bush_D.uasset" 57
"../../../../../demo/Homework/ShooterGame/Content/StarterContent/Props/Materials/M_Bush.uasset" 58
"../../../../../demo/Homework/ShooterGame/Content/StarterContent/Props/SM_Bush.uasset" 59
"../../../../../demo/Homework/ShooterGame/Content/StarterContent/Textures/T_Chair_N.uasset" 60
"../../../../../demo/Homework/ShooterGame/Content/StarterContent/Textures/T_Chair_M.uasset" 61
"../../../../../demo/Homework/ShooterGame/Content/StarterContent/Props/Materials/M_Chair.uasset" 62
"../../../../../demo/Homework/ShooterGame/Content/StarterContent/Props/SM_Couch.uasset" 63
"../../../../../demo/Homework/ShooterGame/Content/StarterContent/Textures/T_Door_N.uasset" 64
"../../../../../demo/Homework/ShooterGame/Content/StarterContent/Textures/T_Door_M.uasset" 65
"../../../../../demo/Homework/ShooterGame/Content/StarterContent/Props/Materials/M_Door.uasset" 66
"../../../../../demo/Homework/ShooterGame/Content/StarterContent/Materials/M_Glass.uasset" 67
"../../../../../demo/Homework/ShooterGame/Content/StarterContent/Props/SM_Door.uasset" 68
"../../../../../demo/Homework/ShooterGame/Content/StarterContent/Props/Materials/M_MaterialSphere_Plain.uasset" 69
"../../../../../demo/Homework/ShooterGame/Content/StarterContent/Props/Materials/M_MaterialSphere.uasset" 70
"../../../../../demo/Homework/ShooterGame/Content/StarterContent/Props/SM_MatPreviewMesh_02.uasset" 71
"../../../Engine/Content/Functions/Engine_MaterialFunctions02/Utility/BlendAngleCorrectedNormals.uasset" 72
"../../../../../demo/Homework/ShooterGame/Content/StarterContent/Textures/T_RockMesh_N.uasset" 73
"../../../../../demo/Homework/ShooterGame/Content/StarterContent/Textures/T_RockMesh_M.uasset" 74
"../../../../../demo/Homework/ShooterGame/Content/StarterContent/Textures/T_Detail_Rocky_N.uasset" 75
"../../../../../demo/Homework/ShooterGame/Content/StarterContent/Textures/T_Rock_Basalt_D.uasset" 76
"../../../../../demo/Homework/ShooterGame/Content/StarterContent/Props/Materials/M_Rock.uasset" 77
"../../../../../demo/Homework/ShooterGame/Content/StarterContent/Props/SM_Rock.uasset" 78
"../../../../../demo/Homework/ShooterGame/Content/StarterContent/Textures/T_Shelf_N.uasset" 79
"../../../../../demo/Homework/ShooterGame/Content/StarterContent/Textures/T_Shelf_M.uasset" 80
"../../../../../demo/Homework/ShooterGame/Content/StarterContent/Props/Materials/M_Shelf.uasset" 81
"../../../../../demo/Homework/ShooterGame/Content/StarterContent/Props/SM_Shelf.uasset" 82
"../../../../../demo/Homework/ShooterGame/Content/StarterContent/Materials/M_Basic_Floor.uasset" 83
"../../../../../demo/Homework/ShooterGame/Content/StarterContent/Props/SM_Stairs.uasset" 84
"../../../../../demo/Homework/ShooterGame/Content/StarterContent/Shapes/Shape_Cone.uasset" 85
"../../../../../demo/Homework/ShooterGame/Content/StarterContent/Shapes/Shape_Cylinder.uasset" 86
"../../../../../demo/Homework/ShooterGame/Content/StarterContent/Shapes/Shape_NarrowCapsule.uasset" 87
"../../../../../demo/Homework/ShooterGame/Content/StarterContent/Shapes/Shape_Pipe.uasset" 88
"../../../../../demo/Homework/ShooterGame/Content/StarterContent/Shapes/Shape_Pipe_180.uasset" 89
"../../../../../demo/Homework/ShooterGame/Content/StarterContent/Shapes/Shape_Pipe_90.uasset" 90
"../../../../../demo/Homework/ShooterGame/Content/StarterContent/Shapes/Shape_Plane.uasset" 91
"../../../../../demo/Homework/ShooterGame/Content/StarterContent/Shapes/Shape_Torus.uasset" 92
"../../../../../demo/Homework/ShooterGame/Content/StarterContent/Shapes/Shape_Trim.uasset" 93
"../../../../../demo/Homework/ShooterGame/Content/StarterContent/Shapes/Shape_Trim_90_In.uasset" 94
"../../../../../demo/Homework/ShooterGame/Content/StarterContent/Shapes/Shape_Trim_90_Out.uasset" 95
"../../../../../demo/Homework/ShooterGame/Content/StarterContent/Shapes/Shape_TriPyramid.uasset" 96
"../../../../../demo/Homework/ShooterGame/Content/StarterContent/Shapes/Shape_Tube.uasset" 97
"../../../../../demo/Homework/ShooterGame/Content/StarterContent/Shapes/Shape_Wedge_A.uasset" 98
"../../../../../demo/Homework/ShooterGame/Content/StarterContent/Shapes/Shape_Wedge_B.uasset" 99
"../../../../../demo/Homework/ShooterGame/Content/StarterContent/Shapes/Shape_WideCapsule.uasset" 100
"../../../Engine/Content/Animation/DefaultAnimBoneCompressionSettings.uasset" 101
"../../../Engine/Content/Animation/DefaultAnimCurveCompressionSettings.uasset" 102
"../../../Engine/Content/Functions/Engine_MaterialFunctions01/Opacity/CameraDepthFade.uasset" 103
"../../../Engine/Content/EngineMaterials/T_Default_Material_Grid_N.uasset" 104
"../../../Engine/Content/EngineMaterials/T_Default_Material_Grid_M.uasset" 105
"../../../Engine/Content/EngineMaterials/WorldGridMaterial.uasset" 106
"../../../Engine/Content/ArtTools/RenderToTexture/Meshes/S_1_Unit_Plane.uasset" 107
"../../../Engine/Content/EngineMaterials/DefaultMaterial.uasset" 108
"../../../Engine/Content/BasicShapes/Cone.uasset" 109
"../../../Engine/Content/BasicShapes/Cube.uasset" 110
"../../../Engine/Content/BasicShapes/Plane.uasset" 111
"../../../Engine/Content/BasicShapes/Sphere.uasset" 112
"../../../Engine/Content/EditorLandscapeResources/DataLayer.uasset" 113
"../../../Engine/Content/EditorLandscapeResources/DefaultAlphaTexture.uasset" 114
"../../../Engine/Content/EditorMaterials/MAT_Groups_Toggle.uasset" 115
"../../../Engine/Content/EditorMaterials/MAT_Groups_Visibility.uasset" 116
"../../../Engine/Content/EditorMaterials/PreviewShadowIndicator.uasset" 117
"../../../Engine/Content/EditorMaterials/PreviewShadowIndicatorMaterial.uasset" 118
"../../../Engine/Content/EditorMaterials/MatineeGroups/MAT_ColorTrack.uasset" 119
"../../../Engine/Content/EditorMaterials/MatineeGroups/MAT_Groups_Anim.uasset" 120
"../../../Engine/Content/EditorMaterials/MatineeGroups/MAT_Groups_AudioMaster.uasset" 121
"../../../Engine/Content/EditorMaterials/MatineeGroups/MAT_Groups_Director.uasset" 122
"../../../Engine/Content/EditorMaterials/MatineeGroups/MAT_Groups_Event.uasset" 123
"../../../Engine/Content/EditorMaterials/MatineeGroups/MAT_Groups_Fade.uasset" 124
"../../../Engine/Content/EditorMaterials/MatineeGroups/MAT_Groups_Float.uasset" 125
"../../../Engine/Content/EditorMaterials/MatineeGroups/MAT_Groups_Move.uasset" 126
"../../../Engine/Content/EditorMaterials/MatineeGroups/MAT_Groups_Slomo.uasset" 127
"../../../Engine/Content/EditorMaterials/MatineeGroups/MAT_Groups_Sound.uasset" 128
"../../../Engine/Content/EditorMaterials/MatineeGroups/MAT_Groups_Vector.uasset" 129
"../../../Engine/Content/EditorMaterials/ParticleSystems/PSysThumbnail_NoImage.uasset" 130
"../../../Engine/Content/EditorMaterials/ParticleSystems/PSysThumbnail_OOD.uasset" 131
"../../../Engine/Content/EditorMaterials/Camera/CineMat.uasset" 132
"../../../Engine/Content/EditorMaterials/Camera/MI_CineMat_Rig.uasset" 133
"../../../Engine/Content/EditorMeshes/Camera/SM_CraneRig_Arm.uasset" 134
"../../../Engine/Content/EditorMeshes/Camera/SM_CraneRig_Base.uasset" 135
"../../../Engine/Content/EditorMeshes/Camera/SM_CraneRig_Body.uasset" 136
"../../../Engine/Content/EditorMeshes/Camera/SM_CraneRig_Mount.uasset" 137
"../../../Engine/Content/EditorMeshes/Camera/SM_RailRig_Mount.uasset" 138
"../../../Engine/Content/EditorMeshes/Camera/SM_RailRig_Track.uasset" 139
"../../../Engine/Content/EditorResources/BSPVertex.uasset" 140
"../../../Engine/Content/EditorResources/EmptyActor.uasset" 141
"../../../Engine/Content/EditorResources/S_Actor.uasset" 142
"../../../Engine/Content/EditorResources/S_Note.uasset" 143
"../../../Engine/Content/EditorResources/S_Solver.uasset" 144
"../../../Engine/Content/EditorResources/S_Terrain.uasset" 145
"../../../Engine/Content/EditorResources/S_Trigger.uasset" 146
"../../../Engine/Content/EditorResources/AudioIcons/S_AudioComponent.uasset" 147
"../../../Engine/Content/EditorResources/AudioIcons/S_AudioComponent_AutoActivate.uasset" 148
"../../../Engine/Content/EditorResources/LightIcons/S_LightError.uasset" 149
"../../../Engine/Content/EditorResources/SequenceRecorder/Countdown.uasset" 150
"../../../Engine/Content/EditorResources/SequenceRecorder/RecordingIndicator.uasset" 151
"../../../Engine/Content/EngineDamageTypes/DmgTypeBP_Environmental.uasset" 152
"../../../Engine/Content/EngineDebugMaterials/DebugEditorMaterial.uasset" 153
"../../../Engine/Content/EngineDebugMaterials/DebugMeshMaterial.uasset" 154
"../../../Engine/Content/EngineDebugMaterials/M_SimpleUnlitTranslucent.uasset" 155
"../../../Engine/Content/EngineDebugMaterials/VolumeToRender.uasset" 156
"../../../Engine/Content/Functions/Engine_MaterialFunctions02/Utility/CameraDirectionVector.uasset" 157
"../../../Engine/Content/EngineDebugMaterials/M_VolumeRenderSphereTracePP.uasset" 158
"../../../Engine/Content/Functions/Engine_MaterialFunctions01/Shading/ConvertFromDiffSpec.uasset" 159
"../../../Engine/Content/EngineDebugMaterials/VertexColorMaterial.uasset" 160
"../../../Engine/Content/EngineDebugMaterials/WireframeMaterial.uasset" 161
"../../../Engine/Content/EngineFonts/Faces/RobotoRegular.uasset" 162
"../../../Engine/Content/EngineFonts/Faces/RobotoLight.uasset" 163
"../../../Engine/Content/EngineFonts/Faces/RobotoItalic.uasset" 164
"../../../Engine/Content/EngineFonts/Faces/RobotoBoldItalic.uasset" 165
"../../../Engine/Content/EngineFonts/Faces/RobotoBold.uasset" 166
"../../../Engine/Content/EngineFonts/Faces/DroidSansFallback.uasset" 167
"../../../Engine/Content/EngineFonts/Roboto.uasset" 168
"../../../Engine/Content/EngineMaterials/BaseFlattenNormalMap.uasset" 169
"../../../Engine/Content/EngineMaterials/BaseFlattenGrayscaleMap.uasset" 170
"../../../Engine/Content/EngineMaterials/BaseFlattenEmissiveMap.uasset" 171
"../../../Engine/Content/EngineMaterials/BaseFlattenDiffuseMap.uasset" 172
"../../../Engine/Content/EngineMaterials/BaseFlattenMaterial.uasset" 173
"../../../Engine/Content/EngineMaterials/BlueNoise.uasset" 174
"../../../Engine/Content/EngineMaterials/DefaultBloomKernel.uasset" 175
"../../../Engine/Content/EngineMaterials/DefaultBokeh.uasset" 176
"../../../Engine/Content/EngineMaterials/DefaultDiffuse.uasset" 177
"../../../Engine/Content/EngineMaterials/DefaultDeferredDecalMaterial.uasset" 178
"../../../Engine/Content/EngineMaterials/DefaultLightFunctionMaterial.uasset" 179
"../../../Engine/Content/EngineMaterials/DefaultPhysicalMaterial.uasset" 180
"../../../Engine/Content/Functions/Engine_MaterialFunctions02/Utility/BreakOutFloat2Components.uasset" 181
"../../../Engine/Content/EngineMaterials/DefaultPostProcessMaterial.uasset" 182
"../../../Engine/Content/EngineFonts/RobotoDistanceField.uasset" 183
"../../../Engine/Content/EngineMaterials/DefaultTextMaterialOpaque.uasset" 184
"../../../Engine/Content/EngineMaterials/DefaultWhiteGrid.uasset" 185
"../../../Engine/Content/EngineMaterials/DefaultWhiteGrid_Low.uasset" 186
"../../../Engine/Content/EngineMaterials/EmissiveMeshMaterial.uasset" 187
"../../../Engine/Content/EngineMaterials/GizmoMaterial.uasset" 188
"../../../Engine/Content/EngineMaterials/Good64x64TilingNoiseHighFreq.uasset" 189
"../../../Engine/Content/EngineMaterials/MiniFont.uasset" 190
"../../../Engine/Content/EngineMaterials/InvalidLightmapSettings.uasset" 191
"../../../Engine/Content/EngineMaterials/M_InvalidLightmapSettings.uasset" 192
"../../../Engine/Content/Functions/Engine_MaterialFunctions02/WorldPositionOffset/CameraOffset.uasset" 193
"../../../Engine/Content/EngineMaterials/PhAT_JointLimitMaterial.uasset" 194
"../../../Engine/Content/EngineMaterials/PreintegratedSkinBRDF.uasset" 195
"../../../Engine/Content/EngineMaterials/RemoveSurfaceMaterial.uasset" 196
"../../../Engine/Content/EngineMaterials/WeightMapPlaceholderTexture.uasset" 197
"../../../Engine/Content/EngineResources/WhiteSquareTexture.uasset" 198
"../../../Engine/Content/EngineMaterials/Widget3DPassThrough.uasset" 199
"../../../Engine/Content/EngineMaterials/Widget3DPassThrough_Masked.uasset" 200
"../../../Engine/Content/EngineMaterials/Widget3DPassThrough_Opaque.uasset" 201
"../../../Engine/Content/EngineMaterials/Widget3DPassThrough_Masked_OneSided.uasset" 202
"../../../Engine/Content/EngineMaterials/Widget3DPassThrough_Opaque_OneSided.uasset" 203
"../../../Engine/Content/EngineMaterials/Widget3DPassThrough_Translucent.uasset" 204
"../../../Engine/Content/EngineMaterials/Widget3DPassThrough_Translucent_OneSided.uasset" 205
"../../../Engine/Content/EngineMeshes/Cylinder.uasset" 206
"../../../Engine/Content/EngineMeshes/Sphere.uasset" 207
"../../../Engine/Content/EngineResources/Black.uasset" 208
"../../../Engine/Content/EngineResources/DefaultTextureCube.uasset" 209
"../../../Engine/Content/EngineResources/DefaultVolumeTexture2D.uasset" 210
"../../../Engine/Content/EngineResources/DefaultVolumeTexture.uasset" 211
"../../../Engine/Content/EngineResources/GradientTexture0.uasset" 212
"../../../Engine/Content/EngineSky/VolumetricClouds/T_NoiseShape64.uasset" 213
"../../../Engine/Content/EngineSky/VolumetricClouds/T_VolumeNoiseShape64.uasset" 214
"../../../Engine/Content/EngineSky/VolumetricClouds/T_NoiseErosion.uasset" 215
"../../../Engine/Content/EngineSky/VolumetricClouds/T_VolumeNoiseErosion32.uasset" 216
"../../../Engine/Content/EngineSky/VolumetricClouds/CloudWeatherTexture.uasset" 217
"../../../Engine/Content/EngineSky/VolumetricClouds/CloudGradientTexture.uasset" 218
"../../../Engine/Content/Functions/Engine_MaterialFunctions02/Utility/MakeFloat2.uasset" 219
"../../../Engine/Content/EngineSky/VolumetricClouds/m_SimpleVolumetricCloud.uasset" 220
"../../../Engine/Content/EngineSky/VolumetricClouds/m_SimpleVolumetricCloud_Inst.uasset" 221
"../../../Engine/Content/EngineSounds/Master.uasset" 222
"../../../Engine/Content/Functions/Engine_MaterialFunctions01/Shading/PowerToRoughness.uasset" 223
"../../../Engine/Content/Maps/Templates/Thumbnails/Default.uasset" 224
"../../../Engine/Content/Maps/Templates/Thumbnails/TimeOfDay.uasset" 225
"../../../Engine/Content/Maps/Templates/Thumbnails/VR-Basic.uasset" 226
"../../../Engine/Content/MobileResources/T_MobileControls_texture.uasset" 227
"../../../Engine/Content/MobileResources/T_MobileMenu2.uasset" 228
"../../../Engine/Content/MobileResources/HUD/AnalogHat.uasset" 229
"../../../Engine/Content/MobileResources/HUD/VirtualJoystick_Thumb.uasset" 230
"../../../Engine/Content/MobileResources/HUD/VirtualJoystick_Background.uasset" 231
"../../../Engine/Content/MobileResources/HUD/DefaultVirtualJoysticks.uasset" 232
"../../../Engine/Content/MobileResources/HUD/LeftVirtualJoystickOnly.uasset" 233
"../../../Engine/Content/MobileResources/HUD/MobileHUDButton1_off.uasset" 234
"../../../Engine/Content/MobileResources/HUD/MobileHUDButton1_on.uasset" 235
"../../../Engine/Content/MobileResources/HUD/MobileHUDButton2_off.uasset" 236
"../../../Engine/Content/MobileResources/HUD/MobileHUDButton2_on.uasset" 237
"../../../Engine/Content/MobileResources/HUD/MobileHUDButton3.uasset" 238
"../../../Engine/Content/MobileResources/HUD/MobileHUDButtonFire.uasset" 239
"../../../Engine/Content/MobileResources/HUD/MobileHUDDirectionPad.uasset" 240
"../../../Engine/Content/MobileResources/HUD/MobileHUDDirectionPad2.uasset" 241
"../../../Engine/Content/MobileResources/HUD/MobileHUDDirectionPad3.uasset" 242
"../../../Engine/Content/MobileResources/HUD/MobileHUDDirectionStick.uasset" 243
"../../../Engine/Content/MobileResources/HUD/T_Castle_ThumbstickInner.uasset" 244
"../../../Engine/Content/MobileResources/HUD/T_Castle_ThumbstickOutter.uasset" 245
"../../../Engine/Content/Tutorial/ContentIntroCurve.uasset" 246
"../../../Engine/Content/Tutorial/Basics/LevelEditorAttract.uasset" 247
"../../../Engine/Content/Tutorial/Basics/TutorialAssets/icon_tab_Levels_40x.uasset" 248
"../../../Engine/Content/Tutorial/Basics/LevelEditorOverview.uasset" 249
"../../../Engine/Content/Tutorial/BlueprintTutorials/TutorialAssets/Blueprint_64x.uasset" 250
"../../../Engine/Content/Tutorial/BlueprintTutorials/BlueprintEditorTutorial.uasset" 251
"../../../Engine/Content/VREditor/TransformGizmo/TranslucentTransformGizmoMaterial.uasset" 252
"../../../Engine/Content/VREditor/LaserPointer/VR_LaserPower_01.uasset" 253
"../../../Engine/Content/VREditor/TransformGizmo/TransformGizmoMaterial.uasset" 254
"../../../Engine/Content/VREditor/TransformGizmo/BoundingBoxCorner.uasset" 255
"../../../Engine/Content/VREditor/TransformGizmo/BoundingBoxEdge.uasset" 256
"../../../Engine/Content/VREditor/TransformGizmo/PlaneTranslationHandle.uasset" 257
"../../../Engine/Content/VREditor/TransformGizmo/Xray.uasset" 258
"../../../Engine/Content/VREditor/TransformGizmo/Main.uasset" 259
"../../../Engine/Content/VREditor/TransformGizmo/SM_Sequencer_Key.uasset" 260
"../../../Engine/Content/VREditor/TransformGizmo/SM_Sequencer_Node.uasset" 261
"../../Plugins/2D/Paper2D/Content/PlaceholderTextures/DummySpriteTexture.uasset" 262
"../../Plugins/2D/Paper2D/Content/DummySprite.uasset" 263
"../../Plugins/2D/Paper2D/Content/DefaultPaperTerrainMaterial.uasset" 264
"../../Plugins/2D/Paper2D/Content/DefaultSpriteMaterial.uasset" 265
"../../Plugins/2D/Paper2D/Content/MaskedUnlitSpriteMaterial.uasset" 266
"../../Plugins/2D/Paper2D/Content/OpaqueUnlitSpriteMaterial.uasset" 267
"../../../Engine/Content/BasicShapes/Cylinder.uasset" 268
"../../../Engine/Content/ArtTools/RenderToTexture/Materials/Debug/M_Emissive_Color.uasset" 269
"../../Plugins/Lumin/MagicLeapPassableWorld/Content/MagicLeapARPinInfoActor.uasset" 270
"../../../Engine/Content/Functions/Engine_MaterialFunctions02/Utility/BreakOutFloat3Components.uasset" 271
"../../../Engine/Content/Functions/Engine_MaterialFunctions02/ObjectLocalBounds.uasset" 272
"../../Plugins/Editor/SpeedTreeImporter/Content/SpeedTree9/UnpackInteger3.uasset" 273
"../../Plugins/Editor/SpeedTreeImporter/Content/SpeedTree9/UnpackDirection.uasset" 274
"../../Plugins/Editor/SpeedTreeImporter/Content/SpeedTree9/game_wind_noise.uasset" 275
"../../../Engine/Content/Functions/Engine_MaterialFunctions02/SafeNormalize.uasset" 276
"../../Plugins/Editor/SpeedTreeImporter/Content/SpeedTree9/SpeedTreeWindMotion.uasset" 277
"../../Plugins/Editor/SpeedTreeImporter/Content/SpeedTree9/SpeedTreeBranchMotion.uasset" 278
"../../../Engine/Content/Functions/Engine_MaterialFunctions02/UVs/BoundingBoxBased_0-1_UVW.uasset" 279
"../../Plugins/Editor/SpeedTreeImporter/Content/SpeedTree9/SpeedTreeWind.uasset" 280
"../../Plugins/Editor/SpeedTreeImporter/Content/SpeedTree9/SpeedTreeBillboard.uasset" 281
"../../../Engine/Content/EngineResources/DefaultTexture.uasset" 282
"../../Plugins/Editor/SpeedTreeImporter/Content/SpeedTree9/SpeedTreeBillboardMaster.uasset" 283
"../../Plugins/Editor/SpeedTreeImporter/Content/SpeedTree9/SpeedTreeCameraFacing.uasset" 284
"../../Plugins/Editor/SpeedTreeImporter/Content/SpeedTree9/SpeedTreeMaster.uasset" 285
"../../../Engine/Content/Functions/Engine_MaterialFunctions02/Utility/BreakOutFloat4Components.uasset" 286
"../../../Engine/Content/Functions/Engine_MaterialFunctions02/Utility/MakeFloat3.uasset" 287
"../../Plugins/Runtime/Oculus/OculusVR/Content/Materials/OculusMR_ChromaKey.uasset" 288
"../../Plugins/Runtime/Oculus/OculusVR/Content/Materials/OculusMR_OpaqueColoredMaterial.uasset" 289
"../../Plugins/Runtime/Oculus/OculusVR/Content/Materials/PokeAHoleMaterial.uasset" 290
"../../../../../demo/Homework/ShooterGame/Content/FirstPerson/Meshes/FirstPersonProjectileMaterial.uasset" 291
"../../../../../demo/Homework/ShooterGame/Content/FirstPerson/Meshes/FirstPersonProjectileMesh.uasset" 292
"../../../../../demo/Homework/ShooterGame/Content/FirstPersonBP/Blueprints/FirstPersonProjectile.uasset" 293
"../../../Engine/Content/BasicShapes/BasicShapeMaterial.uasset" 294
"../../../../../demo/Homework/ShooterGame/Content/StarterContent/Audio/Explosion01.uasset" 295
"../../../../../demo/Homework/ShooterGame/Content/StarterContent/Shapes/Shape_Sphere.uasset" 296
"../../../../../demo/Homework/ShooterGame/Content/FirstPersonBP/Blueprints/Ballnoon.uasset" 297
"../../../../../demo/Homework/ShooterGame/Content/FirstPerson/Animations/FirstPerson_Fire.uasset" 298
"../../../../../demo/Homework/ShooterGame/Content/FirstPerson/Animations/FirstPersonFire_Montage.uasset" 299
"../../../../../demo/Homework/ShooterGame/Content/FirstPerson/Audio/FirstPersonTemplateWeaponFire02.uasset" 300
"../../../../../demo/Homework/ShooterGame/Content/FirstPerson/FPWeapon/Mesh/SK_FPGun_Skeleton.uasset" 301
"../../../Engine/Content/Functions/MaterialLayerFunctions/MatLayerBlend_Simple.uasset" 302
"../../../Engine/Content/Functions/MaterialLayerFunctions/MatLayerBlend_NormalBlend.uasset" 303
"../../../../../demo/Homework/ShooterGame/Content/FirstPerson/FPWeapon/Materials/MaterialLayers/T_ML_Rubber_Blue_01_D.uasset" 304
"../../../../../demo/Homework/ShooterGame/Content/FirstPerson/FPWeapon/Materials/MaterialLayers/T_ML_Rubber_Blue_01_N.uasset" 305
"../../../../../demo/Homework/ShooterGame/Content/FirstPerson/FPWeapon/Materials/MaterialLayers/ML_GlossyBlack_Latex_UE4.uasset" 306
"../../../../../demo/Homework/ShooterGame/Content/FirstPerson/FPWeapon/Materials/MaterialLayers/ML_Plastic_Shiny_Beige.uasset" 307
"../../../../../demo/Homework/ShooterGame/Content/FirstPerson/FPWeapon/Materials/MaterialLayers/ML_Screen.uasset" 308
"../../../../../demo/Homework/ShooterGame/Content/FirstPerson/FPWeapon/Materials/MaterialLayers/T_ML_Aluminum01.uasset" 309
"../../../../../demo/Homework/ShooterGame/Content/FirstPerson/FPWeapon/Materials/MaterialLayers/T_ML_Aluminum01_N.uasset" 310
"../../../../../demo/Homework/ShooterGame/Content/FirstPerson/FPWeapon/Materials/MaterialLayers/ML_SoftMetal_UE4.uasset" 311
"../../../../../demo/Homework/ShooterGame/Content/FirstPerson/FPWeapon/Textures/T_FPGun_M.uasset" 312
"../../../../../demo/Homework/ShooterGame/Content/FirstPerson/FPWeapon/Textures/T_FPGun_N.uasset" 313
"../../../../../demo/Homework/ShooterGame/Content/FirstPerson/FPWeapon/Materials/M_FPGun.uasset" 314
"../../../../../demo/Homework/ShooterGame/Content/FirstPerson/FPWeapon/Mesh/SK_FPGun.uasset" 315
"../../../../../demo/Homework/ShooterGame/Content/FirstPersonBP/HUD/HUD_UI.uasset" 316
"../../../../../demo/Homework/ShooterGame/Content/FirstPerson/Character/Textures/UE4_Mannequin_MAT_MASKA.uasset" 317
"../../../../../demo/Homework/ShooterGame/Content/FirstPerson/Character/Textures/UE4_Mannequin__normals.uasset" 318
"../../../../../demo/Homework/ShooterGame/Content/FirstPerson/Character/Materials/MaterialLayers/T_ML_Aluminum01.uasset" 319
"../../../../../demo/Homework/ShooterGame/Content/FirstPerson/Character/Materials/MaterialLayers/T_ML_Aluminum01_N.uasset" 320
"../../../../../demo/Homework/ShooterGame/Content/FirstPerson/Character/Materials/MaterialLayers/ML_SoftMetal_UE4.uasset" 321
"../../../../../demo/Homework/ShooterGame/Content/FirstPerson/Character/Materials/MaterialLayers/ML_Plastic_Shiny_Beige_LOGO.uasset" 322
"../../../../../demo/Homework/ShooterGame/Content/FirstPerson/Character/Materials/MaterialLayers/ML_Plastic_Shiny_Beige.uasset" 323
"../../../../../demo/Homework/ShooterGame/Content/FirstPerson/Character/Materials/MaterialLayers/T_ML_Rubber_Blue_01_N.uasset" 324
"../../../../../demo/Homework/ShooterGame/Content/FirstPerson/Character/Materials/MaterialLayers/T_ML_Rubber_Blue_01_D.uasset" 325
"../../../../../demo/Homework/ShooterGame/Content/FirstPerson/Character/Materials/MaterialLayers/ML_GlossyBlack_Latex_UE4.uasset" 326
"../../../../../demo/Homework/ShooterGame/Content/FirstPerson/Character/Materials/M_UE4Man_Body.uasset" 327
"../../../../../demo/Homework/ShooterGame/Content/FirstPerson/Character/Mesh/SK_Mannequin_Arms_PhysicsAsset.uasset" 328
"../../../../../demo/Homework/ShooterGame/Content/FirstPerson/Character/Mesh/SK_Mannequin_Arms.uasset" 329
"../../../../../demo/Homework/ShooterGame/Content/FirstPersonBP/Blueprints/FirstPersonCharacter.uasset" 330
"../../../../../demo/Homework/ShooterGame/Content/FirstPerson/Textures/FirstPersonCrosshair.uasset" 331
"../../../../../demo/Homework/ShooterGame/Content/FirstPersonBP/Blueprints/FirstPersonHUD.uasset" 332
"../../../../../demo/Homework/ShooterGame/Content/FirstPersonBP/Blueprints/FirstPersonGameMode.uasset" 333
"../../../../../demo/Homework/ShooterGame/Content/FirstPersonBP/Blueprints/HitLogic.uasset" 334
"../../../../../demo/Homework/ShooterGame/Content/FirstPersonBP/Blueprints/TextRenderActor_Blueprint.uasset" 335
"../../../Engine/Content/EngineSky/T_Sky_Blue.uasset" 336
"../../../Engine/Content/EngineSky/T_Sky_Clouds_M.uasset" 337
"../../../Engine/Content/EngineSky/T_Sky_Stars.uasset" 338
"../../../Engine/Content/EngineSky/M_Sky_Panning_Clouds2.uasset" 339
"../../../Engine/Content/EngineSky/SM_SkySphere.uasset" 340
"../../../Engine/Content/EngineSky/C_Sky_Zenith_Color.uasset" 341
"../../../Engine/Content/EngineSky/C_Sky_Horizon_Color.uasset" 342
"../../../Engine/Content/EngineSky/C_Sky_Cloud_Color.uasset" 343
"../../../Engine/Content/EngineSky/BP_Sky_Sphere.uasset" 344
"../../../../../demo/Homework/ShooterGame/Content/FirstPersonBP/Maps/FirstPersonExampleMap_BuiltData.uasset" 345
"../../../../../demo/Homework/ShooterGame/Content/Geometry/Meshes/1M_Cube.uasset" 346
"../../../../../demo/Homework/ShooterGame/Content/FirstPersonBP/Maps/FirstPersonExampleMap.umap" 347
"../../../../../demo/Homework/ShooterGame/Content/StarterContent/Materials/M_AssetPlatform.uasset" 348
"../../../../../demo/Homework/ShooterGame/Content/StarterContent/Architecture/SM_AssetPlatform.uasset" 349
"../../../../../demo/Homework/ShooterGame/Content/StarterContent/Blueprints/Assets/FogBrightnessLUT.uasset" 350
"../../../../../demo/Homework/ShooterGame/Content/StarterContent/Blueprints/Assets/SunlightColorLUT.uasset" 351
"../../../../../demo/Homework/ShooterGame/Content/StarterContent/Blueprints/Assets/M_LightStage_Arrows.uasset" 352
"../../../Engine/Content/MapTemplates/Sky/DaylightAmbientCubemap.uasset" 353
"../../../../../demo/Homework/ShooterGame/Content/StarterContent/Blueprints/Assets/M_LightStage_Skybox_Master.uasset" 354
"../../../../../demo/Homework/ShooterGame/Content/StarterContent/Blueprints/Assets/M_LightStage_Skybox_Black.uasset" 355
"../../../../../demo/Homework/ShooterGame/Content/StarterContent/Blueprints/Assets/M_LightStage_Skybox_HDRI.uasset" 356
"../../../Engine/Content/EditorMaterials/Thumbnails/SkySphereMaterial.uasset" 357
"../../../../../demo/Homework/ShooterGame/Content/StarterContent/Blueprints/Assets/Skybox.uasset" 358
"../../../../../demo/Homework/ShooterGame/Content/StarterContent/Blueprints/Assets/SM_Arrows.uasset" 359
"../../../../../demo/Homework/ShooterGame/Content/StarterContent/HDRI/HDRI_Epic_Courtyard_Daylight.uasset" 360
"../../../../../demo/Homework/ShooterGame/Content/StarterContent/Blueprints/BP_LightStudio.uasset" 361
"../../../Engine/Content/EditorMeshes/ColorCalibrator/M_GreyBall.uasset" 362
"../../../Engine/Content/EditorMeshes/ColorCalibrator/Color_checker.uasset" 363
"../../../Engine/Content/EditorMeshes/ColorCalibrator/M_ColorGrid.uasset" 364
"../../../Engine/Content/EditorMeshes/ColorCalibrator/M_ClearCoatBlack.uasset" 365
"../../../Engine/Content/EditorMeshes/ColorCalibrator/M_ClearCoat.uasset" 366
"../../../Engine/Content/EditorMeshes/ColorCalibrator/M_ChromeBall.uasset" 367
"../../../Engine/Content/EditorMeshes/ColorCalibrator/SM_ColorCalibrator.uasset" 368
"../../../../../demo/Homework/ShooterGame/Content/StarterContent/Maps/Advanced_Lighting_BuiltData.uasset" 369
"../../../../../demo/Homework/ShooterGame/Content/StarterContent/Maps/Advanced_Lighting.umap" 370
"../../../../../demo/Homework/ShooterGame/Content/StarterContent/Architecture/Floor_400x400.uasset" 371
"../../../../../demo/Homework/ShooterGame/Content/StarterContent/Textures/T_Statue_N.uasset" 372
"../../../../../demo/Homework/ShooterGame/Content/StarterContent/Textures/T_Statue_M.uasset" 373
"../../../../../demo/Homework/ShooterGame/Content/StarterContent/Props/Materials/M_StatueGlass.uasset" 374
"../../../../../demo/Homework/ShooterGame/Content/StarterContent/Props/Materials/M_Statue.uasset" 375
"../../../../../demo/Homework/ShooterGame/Content/StarterContent/Props/SM_Statue.uasset" 376
"../../../../../demo/Homework/ShooterGame/Content/StarterContent/Textures/T_MacroVariation.uasset" 377
"../../../../../demo/Homework/ShooterGame/Content/StarterContent/Textures/T_Metal_Copper_D.uasset" 378
"../../../../../demo/Homework/ShooterGame/Content/StarterContent/Textures/T_Metal_Gold_N.uasset" 379
"../../../../../demo/Homework/ShooterGame/Content/StarterContent/Materials/M_Metal_Copper.uasset" 380
"../../../../../demo/Homework/ShooterGame/Content/StarterContent/Maps/Minimal_Default_BuiltData.uasset" 381
"../../../../../demo/Homework/ShooterGame/Content/StarterContent/Audio/Starter_Background_Cue.uasset" 382
"../../../../../demo/Homework/ShooterGame/Content/StarterContent/Textures/T_Metal_Aluminum_D.uasset" 383
"../../../../../demo/Homework/ShooterGame/Content/StarterContent/Materials/M_Metal_Burnished_Steel.uasset" 384
"../../../../../demo/Homework/ShooterGame/Content/StarterContent/Materials/M_Metal_Brushed_Nickel.uasset" 385
"../../../../../demo/Homework/ShooterGame/Content/StarterContent/Props/SM_Chair.uasset" 386
"../../../../../demo/Homework/ShooterGame/Content/StarterContent/Textures/T_TableRound_N.uasset" 387
"../../../../../demo/Homework/ShooterGame/Content/StarterContent/Textures/T_TableRound_M.uasset" 388
"../../../../../demo/Homework/ShooterGame/Content/StarterContent/Props/Materials/M_TableRound.uasset" 389
"../../../../../demo/Homework/ShooterGame/Content/StarterContent/Props/SM_TableRound.uasset" 390
"../../../../../demo/Homework/ShooterGame/Content/StarterContent/Maps/Minimal_Default.umap" 391
"../../../../../demo/Homework/ShooterGame/Content/StarterContent/Architecture/Wall_400x200.uasset" 392
"../../../../../demo/Homework/ShooterGame/Content/StarterContent/Architecture/Wall_Door_400x300.uasset" 393
"../../../../../demo/Homework/ShooterGame/Content/StarterContent/Architecture/Wall_Window_400x300.uasset" 394
"../../../../../demo/Homework/ShooterGame/Content/StarterContent/Audio/Collapse_Cue.uasset" 395
"../../../../../demo/Homework/ShooterGame/Content/StarterContent/Audio/Starter_Music_Cue.uasset" 396
"../../../../../demo/Homework/ShooterGame/Content/StarterContent/Textures/T_Lamp_N.uasset" 397
"../../../../../demo/Homework/ShooterGame/Content/StarterContent/Textures/T_Lamp_M.uasset" 398
"../../../../../demo/Homework/ShooterGame/Content/StarterContent/Props/Materials/M_Lamp.uasset" 399
"../../../../../demo/Homework/ShooterGame/Content/StarterContent/Props/SM_Lamp_Ceiling.uasset" 400
"../../../../../demo/Homework/ShooterGame/Content/StarterContent/Blueprints/Blueprint_CeilingLight.uasset" 401
"../../../../../demo/Homework/ShooterGame/Content/StarterContent/Audio/Fire01_Cue.uasset" 402
"../../../../../demo/Homework/ShooterGame/Content/StarterContent/Particles/Materials/M_Radial_Gradient.uasset" 403
"../../../../../demo/Homework/ShooterGame/Content/StarterContent/Textures/T_Water_N.uasset" 404
"../../../../../demo/Homework/ShooterGame/Content/StarterContent/Particles/Materials/M_Heat_Distortion.uasset" 405
"../../../../../demo/Homework/ShooterGame/Content/StarterContent/Textures/T_Fire_Tiled_D.uasset" 406
"../../../../../demo/Homework/ShooterGame/Content/StarterContent/Textures/T_Fire_SubUV.uasset" 407
"../../../../../demo/Homework/ShooterGame/Content/StarterContent/Particles/Materials/M_Fire_SubUV.uasset" 408
"../../../../../demo/Homework/ShooterGame/Content/StarterContent/Particles/P_Fire.uasset" 409
"../../../../../demo/Homework/ShooterGame/Content/StarterContent/Blueprints/Blueprint_Effect_Fire.uasset" 410
"../../../../../demo/Homework/ShooterGame/Content/StarterContent/Audio/Smoke01_Cue.uasset" 411
"../../../../../demo/Homework/ShooterGame/Content/StarterContent/Particles/P_Smoke.uasset" 412
"../../../../../demo/Homework/ShooterGame/Content/StarterContent/Blueprints/Blueprint_Effect_Smoke.uasset" 413
"../../../../../demo/Homework/ShooterGame/Content/StarterContent/Audio/Fire_Sparks01_Cue.uasset" 414
"../../../../../demo/Homework/ShooterGame/Content/StarterContent/Textures/T_Spark_Core.uasset" 415
"../../../../../demo/Homework/ShooterGame/Content/StarterContent/Particles/Materials/M_Spark.uasset" 416
"../../../../../demo/Homework/ShooterGame/Content/StarterContent/Particles/P_Sparks.uasset" 417
"../../../../../demo/Homework/ShooterGame/Content/StarterContent/Blueprints/Blueprint_Effect_Sparks.uasset" 418
"../../../../../demo/Homework/ShooterGame/Content/StarterContent/Audio/Steam01_Cue.uasset" 419
"../../../../../demo/Homework/ShooterGame/Content/StarterContent/Particles/P_Steam_Lit.uasset" 420
"../../../../../demo/Homework/ShooterGame/Content/StarterContent/Blueprints/Blueprint_Effect_Steam.uasset" 421
"../../../../../demo/Homework/ShooterGame/Content/StarterContent/Props/SM_Lamp_Wall.uasset" 422
"../../../../../demo/Homework/ShooterGame/Content/StarterContent/Blueprints/Blueprint_WallSconce.uasset" 423
"../../../../../demo/Homework/ShooterGame/Content/StarterContent/Shapes/Shape_QuadPyramid.uasset" 424
"../../../../../demo/Homework/ShooterGame/Content/StarterContent/Shapes/Shape_Cube.uasset" 425
"../../../../../demo/Homework/ShooterGame/Content/StarterContent/Textures/T_Frame_N.uasset" 426
"../../../../../demo/Homework/ShooterGame/Content/StarterContent/Textures/T_Frame_M.uasset" 427
"../../../../../demo/Homework/ShooterGame/Content/StarterContent/Props/Materials/M_Frame.uasset" 428
"../../../../../demo/Homework/ShooterGame/Content/StarterContent/Props/SM_WindowFrame.uasset" 429
"../../../../../demo/Homework/ShooterGame/Content/StarterContent/Props/SM_PillarFrame300.uasset" 430
"../../../../../demo/Homework/ShooterGame/Content/StarterContent/Props/SM_PillarFrame.uasset" 431
"../../../../../demo/Homework/ShooterGame/Content/StarterContent/Props/SM_GlassWindow.uasset" 432
"../../../../../demo/Homework/ShooterGame/Content/StarterContent/Props/SM_DoorFrame.uasset" 433
"../../../../../demo/Homework/ShooterGame/Content/StarterContent/Props/SM_CornerFrame.uasset" 434
"../../../../../demo/Homework/ShooterGame/Content/StarterContent/Props/MaterialSphere.uasset" 435
"../../../../../demo/Homework/ShooterGame/Content/StarterContent/Textures/T_Dust_Particle_D.uasset" 436
"../../../../../demo/Homework/ShooterGame/Content/StarterContent/Particles/Materials/M_Dust_Particle.uasset" 437
"../../../../../demo/Homework/ShooterGame/Content/StarterContent/Particles/P_Ambient_Dust.uasset" 438
"../../../../../demo/Homework/ShooterGame/Content/StarterContent/Textures/T_Wood_Walnut_N.uasset" 439
"../../../../../demo/Homework/ShooterGame/Content/StarterContent/Textures/T_Wood_Walnut_D.uasset" 440
"../../../../../demo/Homework/ShooterGame/Content/StarterContent/Materials/M_Wood_Walnut.uasset" 441
"../../../../../demo/Homework/ShooterGame/Content/StarterContent/Textures/T_Perlin_Noise_M.uasset" 442
"../../../../../demo/Homework/ShooterGame/Content/StarterContent/Textures/T_Wood_Pine_N.uasset" 443
"../../../../../demo/Homework/ShooterGame/Content/StarterContent/Textures/T_Wood_Pine_D.uasset" 444
"../../../../../demo/Homework/ShooterGame/Content/StarterContent/Materials/M_Wood_Pine.uasset" 445
"../../../../../demo/Homework/ShooterGame/Content/StarterContent/Textures/T_Wood_Oak_N.uasset" 446
"../../../../../demo/Homework/ShooterGame/Content/StarterContent/Textures/T_Wood_Oak_D.uasset" 447
"../../../../../demo/Homework/ShooterGame/Content/StarterContent/Materials/M_Wood_Oak.uasset" 448
"../../../Engine/Content/Functions/Engine_MaterialFunctions01/Opacity/AlphaOffset.uasset" 449
"../../../../../demo/Homework/ShooterGame/Content/StarterContent/Textures/T_Wood_Floor_Walnut_N.uasset" 450
"../../../../../demo/Homework/ShooterGame/Content/StarterContent/Textures/T_Wood_Floor_Walnut_M.uasset" 451
"../../../../../demo/Homework/ShooterGame/Content/StarterContent/Textures/T_Wood_Floor_Walnut_D.uasset" 452
"../../../../../demo/Homework/ShooterGame/Content/StarterContent/Materials/M_Wood_Floor_Walnut_Worn.uasset" 453
"../../../../../demo/Homework/ShooterGame/Content/StarterContent/Materials/M_Wood_Floor_Walnut_Polished.uasset" 454
"../../../../../demo/Homework/ShooterGame/Content/StarterContent/Textures/T_Water_M.uasset" 455
"../../../../../demo/Homework/ShooterGame/Content/StarterContent/Materials/M_Water_Ocean.uasset" 456
"../../../../../demo/Homework/ShooterGame/Content/StarterContent/Materials/M_Water_Lake.uasset" 457
"../../../../../demo/Homework/ShooterGame/Content/StarterContent/Textures/T_Tech_Panel_N.uasset" 458
"../../../../../demo/Homework/ShooterGame/Content/StarterContent/Textures/T_Tech_Panel_M.uasset" 459
"../../../../../demo/Homework/ShooterGame/Content/StarterContent/Textures/T_Metal_Steel_D.uasset" 460
"../../../../../demo/Homework/ShooterGame/Content/StarterContent/Materials/M_Tech_Panel.uasset" 461
"../../../../../demo/Homework/ShooterGame/Content/StarterContent/Textures/T_Tech_Hex_Tile_N.uasset" 462
"../../../../../demo/Homework/ShooterGame/Content/StarterContent/Textures/T_Tech_Hex_Tile_M.uasset" 463
"../../../../../demo/Homework/ShooterGame/Content/StarterContent/Materials/M_Tech_Hex_Tile_Pulse.uasset" 464
"../../../../../demo/Homework/ShooterGame/Content/StarterContent/Materials/M_Tech_Hex_Tile.uasset" 465
"../../../../../demo/Homework/ShooterGame/Content/StarterContent/Textures/T_Tech_Dot_N.uasset" 466
"../../../../../demo/Homework/ShooterGame/Content/StarterContent/Textures/T_Tech_Dot_M.uasset" 467
"../../../../../demo/Homework/ShooterGame/Content/StarterContent/Textures/T_Single_Tile_N.uasset" 468
"../../../../../demo/Homework/ShooterGame/Content/StarterContent/Textures/T_Checker_Noise_M.uasset" 469
"../../../../../demo/Homework/ShooterGame/Content/StarterContent/Materials/M_Tech_Checker_Dot.uasset" 470
"../../../../../demo/Homework/ShooterGame/Content/StarterContent/Textures/T_Rock_Slate_N.uasset" 471
"../../../../../demo/Homework/ShooterGame/Content/StarterContent/Textures/T_Rock_Slate_D.uasset" 472
"../../../../../demo/Homework/ShooterGame/Content/StarterContent/Materials/M_Rock_Slate.uasset" 473
"../../../../../demo/Homework/ShooterGame/Content/StarterContent/Textures/T_Rock_Sandstone_N.uasset" 474
"../../../../../demo/Homework/ShooterGame/Content/StarterContent/Textures/T_Rock_Sandstone_D.uasset" 475
"../../../../../demo/Homework/ShooterGame/Content/StarterContent/Materials/M_Rock_Sandstone.uasset" 476
"../../../../../demo/Homework/ShooterGame/Content/StarterContent/Textures/T_Rock_Marble_Polished_D.uasset" 477
"../../../../../demo/Homework/ShooterGame/Content/StarterContent/Materials/M_Rock_Marble_Polished.uasset" 478
"../../../../../demo/Homework/ShooterGame/Content/StarterContent/Textures/T_Rock_Basalt_N.uasset" 479
"../../../../../demo/Homework/ShooterGame/Content/StarterContent/Materials/M_Rock_Basalt.uasset" 480
"../../../../../demo/Homework/ShooterGame/Content/StarterContent/Textures/T_Metal_Steel_N.uasset" 481
"../../../../../demo/Homework/ShooterGame/Content/StarterContent/Materials/M_Metal_Steel.uasset" 482
"../../../../../demo/Homework/ShooterGame/Content/StarterContent/Textures/T_Metal_Rust_D.uasset" 483
"../../../../../demo/Homework/ShooterGame/Content/StarterContent/Textures/T_Metal_Rust_N.uasset" 484
"../../../../../demo/Homework/ShooterGame/Content/StarterContent/Materials/M_Metal_Rust.uasset" 485
"../../../../../demo/Homework/ShooterGame/Content/StarterContent/Textures/T_Metal_Gold_D.uasset" 486
"../../../../../demo/Homework/ShooterGame/Content/StarterContent/Materials/M_Metal_Gold.uasset" 487
"../../../../../demo/Homework/ShooterGame/Content/StarterContent/Materials/M_Metal_Chrome.uasset" 488
"../../../../../demo/Homework/ShooterGame/Content/StarterContent/Textures/T_Ground_Moss_N.uasset" 489
"../../../../../demo/Homework/ShooterGame/Content/StarterContent/Textures/T_ground_Moss_D.uasset" 490
"../../../../../demo/Homework/ShooterGame/Content/StarterContent/Materials/M_Ground_Moss.uasset" 491
"../../../../../demo/Homework/ShooterGame/Content/StarterContent/Textures/T_Ground_Gravel_N.uasset" 492
"../../../../../demo/Homework/ShooterGame/Content/StarterContent/Textures/T_Ground_Gravel_D.uasset" 493
"../../../../../demo/Homework/ShooterGame/Content/StarterContent/Materials/M_Ground_Gravel.uasset" 494
"../../../../../demo/Homework/ShooterGame/Content/StarterContent/Textures/T_Ground_Grass_N.uasset" 495
"../../../../../demo/Homework/ShooterGame/Content/StarterContent/Textures/T_Ground_Grass_D.uasset" 496
"../../../../../demo/Homework/ShooterGame/Content/StarterContent/Materials/M_Ground_Grass.uasset" 497
"../../../../../demo/Homework/ShooterGame/Content/StarterContent/Textures/T_Concrete_Tiles_Variation_M.uasset" 498
"../../../../../demo/Homework/ShooterGame/Content/StarterContent/Textures/T_Concrete_Tiles_N.uasset" 499
"../../../../../demo/Homework/ShooterGame/Content/StarterContent/Textures/T_Concrete_Tiles_M.uasset" 500
"../../../../../demo/Homework/ShooterGame/Content/StarterContent/Textures/T_Concrete_Tiles_D.uasset" 501
"../../../../../demo/Homework/ShooterGame/Content/StarterContent/Materials/M_Concrete_Tiles.uasset" 502
"../../../../../demo/Homework/ShooterGame/Content/StarterContent/Textures/T_Concrete_Poured_N.uasset" 503
"../../../../../demo/Homework/ShooterGame/Content/StarterContent/Textures/T_Concrete_Poured_D.uasset" 504
"../../../../../demo/Homework/ShooterGame/Content/StarterContent/Materials/M_Concrete_Poured.uasset" 505
"../../../../../demo/Homework/ShooterGame/Content/StarterContent/Textures/T_Concrete_Panels_N.uasset" 506
"../../../../../demo/Homework/ShooterGame/Content/StarterContent/Textures/T_Concrete_Panels_D.uasset" 507
"../../../../../demo/Homework/ShooterGame/Content/StarterContent/Materials/M_Concrete_Panels.uasset" 508
"../../../../../demo/Homework/ShooterGame/Content/StarterContent/Textures/T_Concrete_Grime_D.uasset" 509
"../../../../../demo/Homework/ShooterGame/Content/StarterContent/Materials/M_Concrete_Grime.uasset" 510
"../../../../../demo/Homework/ShooterGame/Content/StarterContent/Textures/T_CobbleStone_Smooth_N.uasset" 511
"../../../../../demo/Homework/ShooterGame/Content/StarterContent/Textures/T_CobbleStone_Smooth_M.uasset" 512
"../../../../../demo/Homework/ShooterGame/Content/StarterContent/Textures/T_CobbleStone_Smooth_D.uasset" 513
"../../../../../demo/Homework/ShooterGame/Content/StarterContent/Textures/T_Rock_Smooth_Granite_D.uasset" 514
"../../../../../demo/Homework/ShooterGame/Content/StarterContent/Textures/T_Gradinet_01.uasset" 515
"../../../../../demo/Homework/ShooterGame/Content/StarterContent/Materials/M_CobbleStone_Smooth.uasset" 516
"../../../../../demo/Homework/ShooterGame/Content/StarterContent/Textures/T_CobbleStone_Rough_N.uasset" 517
"../../../../../demo/Homework/ShooterGame/Content/StarterContent/Textures/T_CobbleStone_Rough_D.uasset" 518
"../../../../../demo/Homework/ShooterGame/Content/StarterContent/Materials/M_CobbleStone_Rough.uasset" 519
"../../../../../demo/Homework/ShooterGame/Content/StarterContent/Textures/T_CobbleStone_Pebble_N.uasset" 520
"../../../../../demo/Homework/ShooterGame/Content/StarterContent/Textures/T_CobbleStone_Pebble_M.uasset" 521
"../../../../../demo/Homework/ShooterGame/Content/StarterContent/Textures/T_CobbleStone_Pebble_D.uasset" 522
"../../../../../demo/Homework/ShooterGame/Content/StarterContent/Materials/M_CobbleStone_Pebble.uasset" 523
"../../../../../demo/Homework/ShooterGame/Content/StarterContent/Textures/T_Ceramic_Tile_N.uasset" 524
"../../../../../demo/Homework/ShooterGame/Content/StarterContent/Textures/T_Ceramic_Tile_M.uasset" 525
"../../../../../demo/Homework/ShooterGame/Content/StarterContent/Materials/M_Ceramic_Tile_Checker.uasset" 526
"../../../../../demo/Homework/ShooterGame/Content/StarterContent/Textures/T_Brick_Hewn_Stone_N.uasset" 527
"../../../../../demo/Homework/ShooterGame/Content/StarterContent/Textures/T_Brick_Hewn_Stone_M.uasset" 528
"../../../../../demo/Homework/ShooterGame/Content/StarterContent/Textures/T_Brick_Hewn_Stone_D.uasset" 529
"../../../../../demo/Homework/ShooterGame/Content/StarterContent/Materials/M_Brick_Hewn_Stone.uasset" 530
"../../../../../demo/Homework/ShooterGame/Content/StarterContent/Textures/T_Brick_Cut_Stone_N.uasset" 531
"../../../../../demo/Homework/ShooterGame/Content/StarterContent/Textures/T_Brick_Cut_Stone_D.uasset" 532
"../../../../../demo/Homework/ShooterGame/Content/StarterContent/Materials/M_Brick_Cut_Stone.uasset" 533
"../../../../../demo/Homework/ShooterGame/Content/StarterContent/Textures/T_Brick_Clay_Old_N.uasset" 534
"../../../../../demo/Homework/ShooterGame/Content/StarterContent/Textures/T_Brick_Clay_Old_D.uasset" 535
"../../../../../demo/Homework/ShooterGame/Content/StarterContent/Materials/M_Brick_Clay_Old.uasset" 536
"../../../../../demo/Homework/ShooterGame/Content/StarterContent/Textures/T_Brick_Clay_New_N.uasset" 537
"../../../../../demo/Homework/ShooterGame/Content/StarterContent/Textures/T_Brick_Clay_New_M.uasset" 538
"../../../../../demo/Homework/ShooterGame/Content/StarterContent/Textures/T_Brick_Clay_New_D.uasset" 539
"../../../../../demo/Homework/ShooterGame/Content/StarterContent/Materials/M_Brick_Clay_New.uasset" 540
"../../../../../demo/Homework/ShooterGame/Content/StarterContent/Textures/T_Brick_Clay_Beveled_N.uasset" 541
"../../../../../demo/Homework/ShooterGame/Content/StarterContent/Textures/T_Brick_Clay_Beveled_M.uasset" 542
"../../../../../demo/Homework/ShooterGame/Content/StarterContent/Textures/T_Brick_Clay_Beveled_D.uasset" 543
"../../../../../demo/Homework/ShooterGame/Content/StarterContent/Materials/M_Brick_Clay_Beveled.uasset" 544
"../../../Engine/Content/Functions/Engine_MaterialFunctions03/Procedurals/ComputeFilterWidth.uasset" 545
"../../../Engine/Content/EngineMaterials/AntiAliasedTextMaterialTranslucent.uasset" 546
"../../../../../demo/Homework/ShooterGame/Content/StarterContent/Maps/StarterMap_BuiltData.uasset" 547
"../../../../../demo/Homework/ShooterGame/Content/StarterContent/Maps/StarterMap.umap" 548
"../../../Engine/Content/Maps/Entry_BuiltData.uasset" 549
"../../../Engine/Content/Maps/Entry.umap" 550
